<?xml version="1.0" encoding="UTF-8"?>
<!-- Generated by org.testng.reporters.JUnitXMLReporter -->
<testsuite ignored="0" hostname="EXIPC0143" failures="0" tests="5" name="Test" time="71.061" errors="0" timestamp="2020-10-17T12:57:14 IST">
  <testcase classname="com.axelerant.testcases.Scenario2" name="validateNewsLetterScenario" time="7.512"/>
  <testcase classname="com.axelerant.testcases.Scenario1" name="navigattionToDifferentPages" time="16.48"/>
  <testcase classname="com.axelerant.testcases.Scenario3" name="validateSizeFilter" time="0.733"/>
  <testcase classname="com.axelerant.testcases.Scenario3" name="validateSorting" time="1.402"/>
  <testcase classname="com.axelerant.testcases.Scenario4" name="validateCheckoutFlow" time="24.558"/>
</testsuite> <!-- Test -->
